0 info it worked if it ends with ok
1 verbose cli [ 'C:\\Program Files\\nodejs\\node.exe',
1 verbose cli   'C:\\Program Files\\nodejs\\node_modules\\npm\\bin\\npm-cli.js',
1 verbose cli   'run',
1 verbose cli   'doc' ]
2 info using npm@3.10.3
3 info using node@v6.7.0
4 verbose run-script [ 'predoc', 'doc', 'postdoc' ]
5 info lifecycle learnenergy401@1.0.0~predoc: learnenergy401@1.0.0
6 silly lifecycle learnenergy401@1.0.0~predoc: no script for predoc, continuing
7 info lifecycle learnenergy401@1.0.0~doc: learnenergy401@1.0.0
8 verbose lifecycle learnenergy401@1.0.0~doc: unsafe-perm in lifecycle true
9 verbose lifecycle learnenergy401@1.0.0~doc: PATH: C:\Program Files\nodejs\node_modules\npm\bin\node-gyp-bin;C:\learnenergy401\esdoc\node_modules\.bin;C:\Program Files\nodejs;C:\WINDOWS\system32;C:\WINDOWS;C:\WINDOWS\System32\Wbem;C:\WINDOWS\System32\WindowsPowerShell\v1.0\;C:\Program Files (x86)\Skype\Phone\;C:\Program Files\nodejs\;C:\Program Files (x86)\Brackets\command;C:\Users\Omar\AppData\Local\Microsoft\WindowsApps;C:\Users\Omar\AppData\Roaming\npm
10 verbose lifecycle learnenergy401@1.0.0~doc: CWD: C:\learnenergy401\esdoc
11 silly lifecycle learnenergy401@1.0.0~doc: Args: [ '/d /s /c', 'esdoc -c esdoc.json' ]
12 silly lifecycle learnenergy401@1.0.0~doc: Returned: code: 1  signal: null
13 info lifecycle learnenergy401@1.0.0~doc: Failed to exec doc script
14 verbose stack Error: learnenergy401@1.0.0 doc: `esdoc -c esdoc.json`
14 verbose stack Exit status 1
14 verbose stack     at EventEmitter.<anonymous> (C:\Program Files\nodejs\node_modules\npm\lib\utils\lifecycle.js:242:16)
14 verbose stack     at emitTwo (events.js:106:13)
14 verbose stack     at EventEmitter.emit (events.js:191:7)
14 verbose stack     at ChildProcess.<anonymous> (C:\Program Files\nodejs\node_modules\npm\lib\utils\spawn.js:40:14)
14 verbose stack     at emitTwo (events.js:106:13)
14 verbose stack     at ChildProcess.emit (events.js:191:7)
14 verbose stack     at maybeClose (internal/child_process.js:877:16)
14 verbose stack     at Process.ChildProcess._handle.onexit (internal/child_process.js:226:5)
15 verbose pkgid learnenergy401@1.0.0
16 verbose cwd C:\learnenergy401\esdoc
17 error Windows_NT 10.0.14393
18 error argv "C:\\Program Files\\nodejs\\node.exe" "C:\\Program Files\\nodejs\\node_modules\\npm\\bin\\npm-cli.js" "run" "doc"
19 error node v6.7.0
20 error npm  v3.10.3
21 error code ELIFECYCLE
22 error learnenergy401@1.0.0 doc: `esdoc -c esdoc.json`
22 error Exit status 1
23 error Failed at the learnenergy401@1.0.0 doc script 'esdoc -c esdoc.json'.
23 error Make sure you have the latest version of node.js and npm installed.
23 error If you do, this is most likely a problem with the learnenergy401 package,
23 error not with npm itself.
23 error Tell the author that this fails on your system:
23 error     esdoc -c esdoc.json
23 error You can get information on how to open an issue for this project with:
23 error     npm bugs learnenergy401
23 error Or if that isn't available, you can get their info via:
23 error     npm owner ls learnenergy401
23 error There is likely additional logging output above.
24 verbose exit [ 1, true ]
